19:33:39.028 [main] INFO  org.uma.api.utils.LoggingFilterUtil - Request Body:{
    "code": 200,
    "type": "unknown",
    "message": "9223372036854765299"
}
19:33:39.032 [main] INFO  org.uma.api.utils.LoggingFilterUtil - STATUS CODE:200
19:33:39.033 [main] INFO  org.uma.api.utils.LoggingFilterUtil - Response Header :Date=Mon, 07 Apr 2025 14:03:39 GMT
Content-Type=application/json
Transfer-Encoding=chunked
Connection=keep-alive
Access-Control-Allow-Origin=*
Access-Control-Allow-Methods=GET, POST, DELETE, PUT
Access-Control-Allow-Headers=Content-Type, api_key, Authorization
Server=Jetty(9.2.9.v20150224)
19:33:39.037 [main] INFO  org.uma.api.utils.LoggingFilterUtil - Request Body:{
    "code": 200,
    "type": "unknown",
    "message": "9223372036854765299"
}
19:33:39.055 [main] INFO  org.uma.api.utils.LoggingFilterUtil - BASE URI:https://petstore.swagger.io/v2
19:33:39.056 [main] INFO  org.uma.api.utils.LoggingFilterUtil - Request Header:Accept=*/*
Content-Type=application/json
19:33:39.056 [main] INFO  org.uma.api.utils.LoggingFilterUtil - Request PayLoad:{
  "id" : 0,
  "username" : "mayme.turner",
  "firstName" : "Alison",
  "lastName" : "Heller",
  "email" : "gino.waters@hotmail.com",
  "password" : "38u4nsjhlb",
  "phone" : "(376) 807-9755",
  "userStatus" : 0
}
19:33:39.058 [main] INFO  org.uma.api.utils.LoggingFilterUtil - BASE URI:https://petstore.swagger.io/v2
19:33:39.058 [main] INFO  org.uma.api.utils.LoggingFilterUtil - Request Header:Accept=*/*
Content-Type=application/json
19:33:39.058 [main] INFO  org.uma.api.utils.LoggingFilterUtil - Request PayLoad:{
  "id" : 0,
  "username" : "mayme.turner",
  "firstName" : "Alison",
  "lastName" : "Heller",
  "email" : "gino.waters@hotmail.com",
  "password" : "38u4nsjhlb",
  "phone" : "(376) 807-9755",
  "userStatus" : 0
}
19:33:40.453 [main] INFO  org.uma.api.utils.LoggingFilterUtil - STATUS CODE:200
19:33:40.454 [main] INFO  org.uma.api.utils.LoggingFilterUtil - Response Header :Date=Mon, 07 Apr 2025 14:03:40 GMT
Content-Type=application/json
Transfer-Encoding=chunked
Connection=close
Access-Control-Allow-Origin=*
Access-Control-Allow-Methods=GET, POST, DELETE, PUT
Access-Control-Allow-Headers=Content-Type, api_key, Authorization
Server=Jetty(9.2.9.v20150224)
19:33:40.456 [main] INFO  org.uma.api.utils.LoggingFilterUtil - Request Body:{
    "id": 9223372036854765008,
    "username": "mayme.turner",
    "firstName": "Doug",
    "lastName": "Heller",
    "email": "carl.sporer@gmail.com",
    "password": "38u4nsjhlb",
    "phone": "(376) 807-9755",
    "userStatus": 0
}
19:33:40.456 [main] INFO  org.uma.api.utils.LoggingFilterUtil - STATUS CODE:200
19:33:40.456 [main] INFO  org.uma.api.utils.LoggingFilterUtil - Response Header :Date=Mon, 07 Apr 2025 14:03:40 GMT
Content-Type=application/json
Transfer-Encoding=chunked
Connection=close
Access-Control-Allow-Origin=*
Access-Control-Allow-Methods=GET, POST, DELETE, PUT
Access-Control-Allow-Headers=Content-Type, api_key, Authorization
Server=Jetty(9.2.9.v20150224)
19:33:40.457 [main] INFO  org.uma.api.utils.LoggingFilterUtil - Request Body:{
    "id": 9223372036854765008,
    "username": "mayme.turner",
    "firstName": "Doug",
    "lastName": "Heller",
    "email": "carl.sporer@gmail.com",
    "password": "38u4nsjhlb",
    "phone": "(376) 807-9755",
    "userStatus": 0
}
19:33:40.545 [main] INFO  org.uma.api.utils.LoggingFilterUtil - BASE URI:https://petstore.swagger.io/v2
19:33:40.545 [main] INFO  org.uma.api.utils.LoggingFilterUtil - Request Header:Accept=*/*
Content-Type=application/json
19:33:40.545 [main] INFO  org.uma.api.utils.LoggingFilterUtil - Request PayLoad:{
  "id" : 0,
  "username" : "mayme.turner",
  "firstName" : "Alison",
  "lastName" : "Heller",
  "email" : "gino.waters@hotmail.com",
  "password" : "38u4nsjhlb",
  "phone" : "(376) 807-9755",
  "userStatus" : 0
}
19:33:40.549 [main] INFO  org.uma.api.utils.LoggingFilterUtil - BASE URI:https://petstore.swagger.io/v2
19:33:40.552 [main] INFO  org.uma.api.utils.LoggingFilterUtil - Request Header:Accept=*/*
Content-Type=application/json
19:33:40.552 [main] INFO  org.uma.api.utils.LoggingFilterUtil - Request PayLoad:{
  "id" : 0,
  "username" : "mayme.turner",
  "firstName" : "Alison",
  "lastName" : "Heller",
  "email" : "gino.waters@hotmail.com",
  "password" : "38u4nsjhlb",
  "phone" : "(376) 807-9755",
  "userStatus" : 0
}
19:33:41.990 [main] INFO  org.uma.api.utils.LoggingFilterUtil - STATUS CODE:200
19:33:41.990 [main] INFO  org.uma.api.utils.LoggingFilterUtil - Response Header :Date=Mon, 07 Apr 2025 14:03:42 GMT
Content-Type=application/json
Transfer-Encoding=chunked
Connection=close
Access-Control-Allow-Origin=*
Access-Control-Allow-Methods=GET, POST, DELETE, PUT
Access-Control-Allow-Headers=Content-Type, api_key, Authorization
Server=Jetty(9.2.9.v20150224)
19:33:41.992 [main] INFO  org.uma.api.utils.LoggingFilterUtil - Request Body:{
    "id": 9223372036854765299,
    "username": "mayme.turner",
    "firstName": "Alison",
    "lastName": "Heller",
    "email": "gino.waters@hotmail.com",
    "password": "38u4nsjhlb",
    "phone": "(376) 807-9755",
    "userStatus": 0
}
